<?xml version="1.0" encoding="UTF-8"?>
<testsuite xmlns:xsi="http://www.w3.org/2001/XMLSchema-instance" xsi:noNamespaceSchemaLocation="https://maven.apache.org/surefire/maven-surefire-plugin/xsd/surefire-test-report-3.0.xsd" version="3.0" name="com.example.ShoppingCartTest" time="0.158" tests="2" errors="0" skipped="0" failures="0">
  <properties>
[...]
</properties>
  <testcase name="testCalculateDiscount" classname="com.example.ShoppingCartTest" time="0.015"/>
  <testcase name="testAppendFormatted" classname="com.example.ShoppingCartTest" time="0.016">
    <system-out><![CDATA['   SomeLine   '
'   SomeLine    '
'SomeL'
'      SomeLine'
'SomeLine      '
]]></system-out>
  </testcase>
</testsuite>